This file contains any messages produced by compilers while
running configure, to aid debugging if configure makes a mistake.

It was created by lolware_dht configure version-0.1, which was
generated by GNU Autoconf 2.69.  Invocation command line was

  $ ./configure 

## --------- ##
## Platform. ##
## --------- ##

hostname = ruir.mooo.com
uname -m = armv7l
uname -r = 4.5.5-sunxi
uname -s = Linux
uname -v = #10 SMP Mon May 23 22:10:54 CEST 2016

/usr/bin/uname -p = unknown
/bin/uname -X     = unknown

/bin/arch              = unknown
/usr/bin/arch -k       = unknown
/usr/convex/getsysinfo = unknown
/usr/bin/hostinfo      = unknown
/bin/machine           = unknown
/usr/bin/oslevel       = unknown
/bin/universe          = unknown

PATH: /usr/local/bin
PATH: /usr/bin
PATH: /bin
PATH: /usr/local/games
PATH: /usr/games


## ----------- ##
## Core tests. ##
## ----------- ##

configure:2115: checking for a BSD-compatible install
configure:2183: result: /usr/bin/install -c
configure:2194: checking whether build environment is sane
configure:2244: result: yes
configure:2385: checking for a thread-safe mkdir -p
configure:2424: result: /bin/mkdir -p
configure:2437: checking for gawk
configure:2467: result: no
configure:2437: checking for mawk
configure:2453: found /usr/bin/mawk
configure:2464: result: mawk
configure:2475: checking whether make sets $(MAKE)
configure:2497: result: yes
configure:2590: checking whether make supports nested variables
configure:2607: result: yes
configure:2674: checking for gcc
configure:2690: found /usr/bin/gcc
configure:2701: result: gcc
configure:2930: checking for C compiler version
configure:2939: gcc --version >&5
gcc (Debian 4.9.2-10) 4.9.2
Copyright (C) 2014 Free Software Foundation, Inc.
This is free software; see the source for copying conditions.  There is NO
warranty; not even for MERCHANTABILITY or FITNESS FOR A PARTICULAR PURPOSE.

configure:2950: $? = 0
configure:2939: gcc -v >&5
Using built-in specs.
COLLECT_GCC=gcc
COLLECT_LTO_WRAPPER=/usr/lib/gcc/arm-linux-gnueabihf/4.9/lto-wrapper
Target: arm-linux-gnueabihf
Configured with: ../src/configure -v --with-pkgversion='Debian 4.9.2-10' --with-bugurl=file:///usr/share/doc/gcc-4.9/README.Bugs --enable-languages=c,c++,java,go,d,fortran,objc,obj-c++ --prefix=/usr --program-suffix=-4.9 --enable-shared --enable-linker-build-id --libexecdir=/usr/lib --without-included-gettext --enable-threads=posix --with-gxx-include-dir=/usr/include/c++/4.9 --libdir=/usr/lib --enable-nls --with-sysroot=/ --enable-clocale=gnu --enable-libstdcxx-debug --enable-libstdcxx-time=yes --enable-gnu-unique-object --disable-libitm --disable-libquadmath --enable-plugin --with-system-zlib --disable-browser-plugin --enable-java-awt=gtk --enable-gtk-cairo --with-java-home=/usr/lib/jvm/java-1.5.0-gcj-4.9-armhf/jre --enable-java-home --with-jvm-root-dir=/usr/lib/jvm/java-1.5.0-gcj-4.9-armhf --with-jvm-jar-dir=/usr/lib/jvm-exports/java-1.5.0-gcj-4.9-armhf --with-arch-directory=arm --with-ecj-jar=/usr/share/java/eclipse-ecj.jar --enable-objc-gc --enable-multiarch --disable-sjlj-exceptions --with-arch=armv7-a --with-fpu=vfpv3-d16 --with-float=hard --with-mode=thumb --enable-checking=release --build=arm-linux-gnueabihf --host=arm-linux-gnueabihf --target=arm-linux-gnueabihf
Thread model: posix
gcc version 4.9.2 (Debian 4.9.2-10) 
configure:2950: $? = 0
configure:2939: gcc -V >&5
gcc: error: unrecognized command line option '-V'
gcc: fatal error: no input files
compilation terminated.
configure:2950: $? = 4
configure:2939: gcc -qversion >&5
gcc: error: unrecognized command line option '-qversion'
gcc: fatal error: no input files
compilation terminated.
configure:2950: $? = 4
configure:2970: checking whether the C compiler works
configure:2992: gcc    conftest.c  >&5
configure:2996: $? = 0
configure:3044: result: yes
configure:3047: checking for C compiler default output file name
configure:3049: result: a.out
configure:3055: checking for suffix of executables
configure:3062: gcc -o conftest    conftest.c  >&5
configure:3066: $? = 0
configure:3088: result: 
configure:3110: checking whether we are cross compiling
configure:3118: gcc -o conftest    conftest.c  >&5
configure:3122: $? = 0
configure:3129: ./conftest
configure:3133: $? = 0
configure:3148: result: no
configure:3153: checking for suffix of object files
configure:3175: gcc -c   conftest.c >&5
configure:3179: $? = 0
configure:3200: result: o
configure:3204: checking whether we are using the GNU C compiler
configure:3223: gcc -c   conftest.c >&5
configure:3223: $? = 0
configure:3232: result: yes
configure:3241: checking whether gcc accepts -g
configure:3261: gcc -c -g  conftest.c >&5
configure:3261: $? = 0
configure:3302: result: yes
configure:3319: checking for gcc option to accept ISO C89
configure:3382: gcc  -c -g -O2  conftest.c >&5
configure:3382: $? = 0
configure:3395: result: none needed
configure:3426: checking for style of include used by make
configure:3454: result: GNU
configure:3480: checking dependency style of gcc
configure:3591: result: gcc3
configure:3606: checking whether make sets $(MAKE)
configure:3628: result: yes
configure:3669: checking how to run the C preprocessor
configure:3700: gcc -E  conftest.c
configure:3700: $? = 0
configure:3714: gcc -E  conftest.c
conftest.c:11:28: fatal error: ac_nonexistent.h: No such file or directory
 #include <ac_nonexistent.h>
                            ^
compilation terminated.
configure:3714: $? = 1
configure: failed program was:
| /* confdefs.h */
| #define PACKAGE_NAME "lolware_dht"
| #define PACKAGE_TARNAME "lolware_dht"
| #define PACKAGE_VERSION "version-0.1"
| #define PACKAGE_STRING "lolware_dht version-0.1"
| #define PACKAGE_BUGREPORT ""
| #define PACKAGE_URL ""
| #define PACKAGE "lolware_dht"
| #define VERSION "0.0.1"
| /* end confdefs.h.  */
| #include <ac_nonexistent.h>
configure:3739: result: gcc -E
configure:3759: gcc -E  conftest.c
configure:3759: $? = 0
configure:3773: gcc -E  conftest.c
conftest.c:11:28: fatal error: ac_nonexistent.h: No such file or directory
 #include <ac_nonexistent.h>
                            ^
compilation terminated.
configure:3773: $? = 1
configure: failed program was:
| /* confdefs.h */
| #define PACKAGE_NAME "lolware_dht"
| #define PACKAGE_TARNAME "lolware_dht"
| #define PACKAGE_VERSION "version-0.1"
| #define PACKAGE_STRING "lolware_dht version-0.1"
| #define PACKAGE_BUGREPORT ""
| #define PACKAGE_URL ""
| #define PACKAGE "lolware_dht"
| #define VERSION "0.0.1"
| /* end confdefs.h.  */
| #include <ac_nonexistent.h>
configure:3802: checking for grep that handles long lines and -e
configure:3860: result: /bin/grep
configure:3865: checking for egrep
configure:3927: result: /bin/grep -E
configure:3932: checking for ANSI C header files
configure:3952: gcc -c -Wall -fstack-protector -D_FORTIFY_SOURCE=2 -O2  conftest.c >&5
configure:3952: $? = 0
configure:4025: gcc -o conftest -Wall -fstack-protector -D_FORTIFY_SOURCE=2 -O2   conftest.c  >&5
configure:4025: $? = 0
configure:4025: ./conftest
configure:4025: $? = 0
configure:4036: result: yes
configure:4049: checking for sys/types.h
configure:4049: gcc -c -Wall -fstack-protector -D_FORTIFY_SOURCE=2 -O2  conftest.c >&5
configure:4049: $? = 0
configure:4049: result: yes
configure:4049: checking for sys/stat.h
configure:4049: gcc -c -Wall -fstack-protector -D_FORTIFY_SOURCE=2 -O2  conftest.c >&5
configure:4049: $? = 0
configure:4049: result: yes
configure:4049: checking for stdlib.h
configure:4049: gcc -c -Wall -fstack-protector -D_FORTIFY_SOURCE=2 -O2  conftest.c >&5
configure:4049: $? = 0
configure:4049: result: yes
configure:4049: checking for string.h
configure:4049: gcc -c -Wall -fstack-protector -D_FORTIFY_SOURCE=2 -O2  conftest.c >&5
configure:4049: $? = 0
configure:4049: result: yes
configure:4049: checking for memory.h
configure:4049: gcc -c -Wall -fstack-protector -D_FORTIFY_SOURCE=2 -O2  conftest.c >&5
configure:4049: $? = 0
configure:4049: result: yes
configure:4049: checking for strings.h
configure:4049: gcc -c -Wall -fstack-protector -D_FORTIFY_SOURCE=2 -O2  conftest.c >&5
configure:4049: $? = 0
configure:4049: result: yes
configure:4049: checking for inttypes.h
configure:4049: gcc -c -Wall -fstack-protector -D_FORTIFY_SOURCE=2 -O2  conftest.c >&5
configure:4049: $? = 0
configure:4049: result: yes
configure:4049: checking for stdint.h
configure:4049: gcc -c -Wall -fstack-protector -D_FORTIFY_SOURCE=2 -O2  conftest.c >&5
configure:4049: $? = 0
configure:4049: result: yes
configure:4049: checking for unistd.h
configure:4049: gcc -c -Wall -fstack-protector -D_FORTIFY_SOURCE=2 -O2  conftest.c >&5
configure:4049: $? = 0
configure:4049: result: yes
configure:4061: checking wiringPi usability
configure:4061: gcc -c -Wall -fstack-protector -D_FORTIFY_SOURCE=2 -O2  conftest.c >&5
conftest.c:54:20: fatal error: wiringPi: No such file or directory
 #include <wiringPi>
                    ^
compilation terminated.
configure:4061: $? = 1
configure: failed program was:
| /* confdefs.h */
| #define PACKAGE_NAME "lolware_dht"
| #define PACKAGE_TARNAME "lolware_dht"
| #define PACKAGE_VERSION "version-0.1"
| #define PACKAGE_STRING "lolware_dht version-0.1"
| #define PACKAGE_BUGREPORT ""
| #define PACKAGE_URL ""
| #define PACKAGE "lolware_dht"
| #define VERSION "0.0.1"
| #define STDC_HEADERS 1
| #define HAVE_SYS_TYPES_H 1
| #define HAVE_SYS_STAT_H 1
| #define HAVE_STDLIB_H 1
| #define HAVE_STRING_H 1
| #define HAVE_MEMORY_H 1
| #define HAVE_STRINGS_H 1
| #define HAVE_INTTYPES_H 1
| #define HAVE_STDINT_H 1
| #define HAVE_UNISTD_H 1
| /* end confdefs.h.  */
| #include <stdio.h>
| #ifdef HAVE_SYS_TYPES_H
| # include <sys/types.h>
| #endif
| #ifdef HAVE_SYS_STAT_H
| # include <sys/stat.h>
| #endif
| #ifdef STDC_HEADERS
| # include <stdlib.h>
| # include <stddef.h>
| #else
| # ifdef HAVE_STDLIB_H
| #  include <stdlib.h>
| # endif
| #endif
| #ifdef HAVE_STRING_H
| # if !defined STDC_HEADERS && defined HAVE_MEMORY_H
| #  include <memory.h>
| # endif
| # include <string.h>
| #endif
| #ifdef HAVE_STRINGS_H
| # include <strings.h>
| #endif
| #ifdef HAVE_INTTYPES_H
| # include <inttypes.h>
| #endif
| #ifdef HAVE_STDINT_H
| # include <stdint.h>
| #endif
| #ifdef HAVE_UNISTD_H
| # include <unistd.h>
| #endif
| #include <wiringPi>
configure:4061: result: no
configure:4061: checking wiringPi presence
configure:4061: gcc -E  conftest.c
conftest.c:21:20: fatal error: wiringPi: No such file or directory
 #include <wiringPi>
                    ^
compilation terminated.
configure:4061: $? = 1
configure: failed program was:
| /* confdefs.h */
| #define PACKAGE_NAME "lolware_dht"
| #define PACKAGE_TARNAME "lolware_dht"
| #define PACKAGE_VERSION "version-0.1"
| #define PACKAGE_STRING "lolware_dht version-0.1"
| #define PACKAGE_BUGREPORT ""
| #define PACKAGE_URL ""
| #define PACKAGE "lolware_dht"
| #define VERSION "0.0.1"
| #define STDC_HEADERS 1
| #define HAVE_SYS_TYPES_H 1
| #define HAVE_SYS_STAT_H 1
| #define HAVE_STDLIB_H 1
| #define HAVE_STRING_H 1
| #define HAVE_MEMORY_H 1
| #define HAVE_STRINGS_H 1
| #define HAVE_INTTYPES_H 1
| #define HAVE_STDINT_H 1
| #define HAVE_UNISTD_H 1
| /* end confdefs.h.  */
| #include <wiringPi>
configure:4061: result: no
configure:4061: checking for wiringPi
configure:4061: result: no
configure:4068: checking /usr/local/include/wiringPi.h usability
configure:4068: gcc -c -Wall -fstack-protector -D_FORTIFY_SOURCE=2 -O2  conftest.c >&5
configure:4068: $? = 0
configure:4068: result: yes
configure:4068: checking /usr/local/include/wiringPi.h presence
configure:4068: gcc -E  conftest.c
configure:4068: $? = 0
configure:4068: result: yes
configure:4068: checking for /usr/local/include/wiringPi.h
configure:4068: result: yes
configure:4080: checking for wiringPiSetup in -lwiringPi
configure:4105: gcc -o conftest -Wall -fstack-protector -D_FORTIFY_SOURCE=2 -O2 -I/usr/local/include   conftest.c -lwiringPi   >&5
configure:4105: $? = 0
configure:4114: result: yes
configure:4260: creating ./config.status

## ---------------------- ##
## Running config.status. ##
## ---------------------- ##

This file was extended by lolware_dht config.status version-0.1, which was
generated by GNU Autoconf 2.69.  Invocation command line was

  CONFIG_FILES    = 
  CONFIG_HEADERS  = 
  CONFIG_LINKS    = 
  CONFIG_COMMANDS = 
  $ ./config.status 

on ruir.mooo.com

config.status:853: creating Makefile
config.status:853: creating config.h
config.status:1034: config.h is unchanged
config.status:1082: executing depfiles commands

## ---------------- ##
## Cache variables. ##
## ---------------- ##

ac_cv_c_compiler_gnu=yes
ac_cv_env_CC_set=
ac_cv_env_CC_value=
ac_cv_env_CFLAGS_set=
ac_cv_env_CFLAGS_value=
ac_cv_env_CPPFLAGS_set=
ac_cv_env_CPPFLAGS_value=
ac_cv_env_CPP_set=
ac_cv_env_CPP_value=
ac_cv_env_LDFLAGS_set=
ac_cv_env_LDFLAGS_value=
ac_cv_env_LIBS_set=
ac_cv_env_LIBS_value=
ac_cv_env_build_alias_set=
ac_cv_env_build_alias_value=
ac_cv_env_host_alias_set=
ac_cv_env_host_alias_value=
ac_cv_env_target_alias_set=
ac_cv_env_target_alias_value=
ac_cv_header__usr_local_include_wiringPi_h=yes
ac_cv_header_inttypes_h=yes
ac_cv_header_memory_h=yes
ac_cv_header_stdc=yes
ac_cv_header_stdint_h=yes
ac_cv_header_stdlib_h=yes
ac_cv_header_string_h=yes
ac_cv_header_strings_h=yes
ac_cv_header_sys_stat_h=yes
ac_cv_header_sys_types_h=yes
ac_cv_header_unistd_h=yes
ac_cv_header_wiringPi=no
ac_cv_lib_wiringPi_wiringPiSetup=yes
ac_cv_objext=o
ac_cv_path_EGREP='/bin/grep -E'
ac_cv_path_GREP=/bin/grep
ac_cv_path_install='/usr/bin/install -c'
ac_cv_path_mkdir=/bin/mkdir
ac_cv_prog_AWK=mawk
ac_cv_prog_CPP='gcc -E'
ac_cv_prog_ac_ct_CC=gcc
ac_cv_prog_cc_c89=
ac_cv_prog_cc_g=yes
ac_cv_prog_make_make_set=yes
am_cv_CC_dependencies_compiler_type=gcc3
am_cv_make_support_nested_variables=yes

## ----------------- ##
## Output variables. ##
## ----------------- ##

ACLOCAL='${SHELL} /home/rui/rdht/missing --run aclocal-1.11'
AMDEPBACKSLASH='\'
AMDEP_FALSE='#'
AMDEP_TRUE=''
AMTAR='$${TAR-tar}'
AM_BACKSLASH='\'
AM_DEFAULT_V='$(AM_DEFAULT_VERBOSITY)'
AM_DEFAULT_VERBOSITY='0'
AM_V='$(V)'
AUTOCONF='${SHELL} /home/rui/rdht/missing --run autoconf'
AUTOHEADER='${SHELL} /home/rui/rdht/missing --run autoheader'
AUTOMAKE='${SHELL} /home/rui/rdht/missing --run automake-1.11'
AWK='mawk'
CC='gcc'
CCDEPMODE='depmode=gcc3'
CFLAGS='-Wall -fstack-protector -D_FORTIFY_SOURCE=2 -O2 -I/usr/local/include'
CPP='gcc -E'
CPPFLAGS=''
CYGPATH_W='echo'
DEFS='-DHAVE_CONFIG_H'
DEPDIR='.deps'
ECHO_C=''
ECHO_N='-n'
ECHO_T=''
EGREP='/bin/grep -E'
EXEEXT=''
GREP='/bin/grep'
INSTALL_DATA='${INSTALL} -m 644'
INSTALL_PROGRAM='${INSTALL}'
INSTALL_SCRIPT='${INSTALL}'
INSTALL_STRIP_PROGRAM='$(install_sh) -c -s'
LDFLAGS=''
LIBOBJS=''
LIBS='-lwiringPi '
LTLIBOBJS=''
MAKEINFO='${SHELL} /home/rui/rdht/missing --run makeinfo'
MKDIR_P='/bin/mkdir -p'
OBJEXT='o'
PACKAGE='lolware_dht'
PACKAGE_BUGREPORT=''
PACKAGE_NAME='lolware_dht'
PACKAGE_STRING='lolware_dht version-0.1'
PACKAGE_TARNAME='lolware_dht'
PACKAGE_URL=''
PACKAGE_VERSION='version-0.1'
PATH_SEPARATOR=':'
SET_MAKE=''
SHELL='/bin/bash'
STRIP=''
VERSION='0.0.1'
ac_ct_CC='gcc'
am__EXEEXT_FALSE=''
am__EXEEXT_TRUE='#'
am__fastdepCC_FALSE='#'
am__fastdepCC_TRUE=''
am__include='include'
am__isrc=''
am__leading_dot='.'
am__nodep='_no'
am__quote=''
am__tar='$${TAR-tar} chof - "$$tardir"'
am__untar='$${TAR-tar} xf -'
bindir='${exec_prefix}/bin'
build_alias=''
datadir='${datarootdir}'
datarootdir='${prefix}/share'
docdir='${datarootdir}/doc/${PACKAGE_TARNAME}'
dvidir='${docdir}'
exec_prefix='${prefix}'
host_alias=''
htmldir='${docdir}'
includedir='${prefix}/include'
infodir='${datarootdir}/info'
install_sh='${SHELL} /home/rui/rdht/install-sh'
libdir='${exec_prefix}/lib'
libexecdir='${exec_prefix}/libexec'
localedir='${datarootdir}/locale'
localstatedir='${prefix}/var'
mandir='${datarootdir}/man'
mkdir_p='/bin/mkdir -p'
oldincludedir='/usr/include'
pdfdir='${docdir}'
prefix='/usr/local'
program_transform_name='s,x,x,'
psdir='${docdir}'
sbindir='${exec_prefix}/sbin'
sharedstatedir='${prefix}/com'
sysconfdir='${prefix}/etc'
target_alias=''

## ----------- ##
## confdefs.h. ##
## ----------- ##

/* confdefs.h */
#define PACKAGE_NAME "lolware_dht"
#define PACKAGE_TARNAME "lolware_dht"
#define PACKAGE_VERSION "version-0.1"
#define PACKAGE_STRING "lolware_dht version-0.1"
#define PACKAGE_BUGREPORT ""
#define PACKAGE_URL ""
#define PACKAGE "lolware_dht"
#define VERSION "0.0.1"
#define STDC_HEADERS 1
#define HAVE_SYS_TYPES_H 1
#define HAVE_SYS_STAT_H 1
#define HAVE_STDLIB_H 1
#define HAVE_STRING_H 1
#define HAVE_MEMORY_H 1
#define HAVE_STRINGS_H 1
#define HAVE_INTTYPES_H 1
#define HAVE_STDINT_H 1
#define HAVE_UNISTD_H 1
#define HAVE_LIBWIRINGPI 1

configure: exit 0
